This is pdfTeX, Version 3.141592653-2.6-1.40.22 (MiKTeX 21.2) (preloaded format=pdflatex 2021.2.23)  10 OCT 2022 12:51
entering extended mode
**C:/Users/james/Documents/University/Oxford/Notes/Michaelmas/PracticalNumerica
lAnalysis/notes.tex

(C:/Users/james/Documents/University/Oxford/Notes/Michaelmas/PracticalNumerical
Analysis/notes.tex
LaTeX2e <2020-10-01> patch level 4
L3 programming layer <2021-02-18> xparse <2020-03-03>
(C:\Users\james\AppData\Local\Programs\MiKTeX 2.9\tex/latex/base\article.cls
Document Class: article 2020/04/10 v1.4m Standard LaTeX document class
(C:\Users\james\AppData\Local\Programs\MiKTeX 2.9\tex/latex/base\size10.clo
File: size10.clo 2020/04/10 v1.4m Standard LaTeX file (size option)
)
\c@part=\count179
\c@section=\count180
\c@subsection=\count181
\c@subsubsection=\count182
\c@paragraph=\count183
\c@subparagraph=\count184
\c@figure=\count185
\c@table=\count186
\abovecaptionskip=\skip47
\belowcaptionskip=\skip48
\bibindent=\dimen138
)
(../../header.tex
(C:\Users\james\AppData\Local\Programs\MiKTeX 2.9\tex/latex/base\alltt.sty
Package: alltt 1997/06/16 v2.0g defines alltt environment
)
(C:\Users\james\AppData\Local\Programs\MiKTeX 2.9\tex/latex/amsfonts\amsfonts.s
ty
Package: amsfonts 2013/01/14 v3.01 Basic AMSFonts support
\@emptytoks=\toks15
\symAMSa=\mathgroup4
\symAMSb=\mathgroup5
LaTeX Font Info:    Redeclaring math symbol \hbar on input line 98.
LaTeX Font Info:    Overwriting math alphabet `\mathfrak' in version `bold'
(Font)                  U/euf/m/n --> U/euf/b/n on input line 106.
)
(C:\Users\james\AppData\Local\Programs\MiKTeX 2.9\tex/latex/amsmath\amsmath.sty
Package: amsmath 2020/09/23 v2.17i AMS math features
\@mathmargin=\skip49
For additional information on amsmath, use the `?' option.

(C:\Users\james\AppData\Local\Programs\MiKTeX 2.9\tex/latex/amsmath\amstext.sty
Package: amstext 2000/06/29 v2.01 AMS text
(C:\Users\james\AppData\Local\Programs\MiKTeX 2.9\tex/latex/amsmath\amsgen.sty
File: amsgen.sty 1999/11/30 v2.0 generic functions
\@emptytoks=\toks16
\ex@=\dimen139
))
(C:\Users\james\AppData\Local\Programs\MiKTeX 2.9\tex/latex/amsmath\amsbsy.sty
Package: amsbsy 1999/11/29 v1.2d Bold Symbols
\pmbraise@=\dimen140
) (C:\Users\james\AppData\Local\Programs\MiKTeX 2.9\tex/latex/amsmath\amsopn.st
y
Package: amsopn 2016/03/08 v2.02 operator names
)
\inf@bad=\count187
LaTeX Info: Redefining \frac on input line 234.
\uproot@=\count188
\leftroot@=\count189
LaTeX Info: Redefining \overline on input line 399.
\classnum@=\count190
\DOTSCASE@=\count191
LaTeX Info: Redefining \ldots on input line 496.
LaTeX Info: Redefining \dots on input line 499.
LaTeX Info: Redefining \cdots on input line 620.
\Mathstrutbox@=\box47
\strutbox@=\box48
\big@size=\dimen141
LaTeX Font Info:    Redeclaring font encoding OML on input line 743.
LaTeX Font Info:    Redeclaring font encoding OMS on input line 744.
\macc@depth=\count192
\c@MaxMatrixCols=\count193
\dotsspace@=\muskip16
\c@parentequation=\count194
\dspbrk@lvl=\count195
\tag@help=\toks17
\row@=\count196
\column@=\count197
\maxfields@=\count198
\andhelp@=\toks18
\eqnshift@=\dimen142
\alignsep@=\dimen143
\tagshift@=\dimen144
\tagwidth@=\dimen145
\totwidth@=\dimen146
\lineht@=\dimen147
\@envbody=\toks19
\multlinegap=\skip50
\multlinetaggap=\skip51
\mathdisplay@stack=\toks20
LaTeX Info: Redefining \[ on input line 2923.
LaTeX Info: Redefining \] on input line 2924.
)
(C:\Users\james\AppData\Local\Programs\MiKTeX 2.9\tex/latex/amsfonts\amssymb.st
y
Package: amssymb 2013/01/14 v3.01 AMS font symbols
)
(C:\Users\james\AppData\Local\Programs\MiKTeX 2.9\tex/latex/amscls\amsthm.sty
Package: amsthm 2020/05/29 v2.20.6
\thm@style=\toks21
\thm@bodyfont=\toks22
\thm@headfont=\toks23
\thm@notefont=\toks24
\thm@headpunct=\toks25
\thm@preskip=\skip52
\thm@postskip=\skip53
\thm@headsep=\skip54
\dth@everypar=\toks26
)
(C:\Users\james\AppData\Local\Programs\MiKTeX 2.9\tex/latex/booktabs\booktabs.s
ty
Package: booktabs 2020/01/12 v1.61803398 Publication quality tables
\heavyrulewidth=\dimen148
\lightrulewidth=\dimen149
\cmidrulewidth=\dimen150
\belowrulesep=\dimen151
\belowbottomsep=\dimen152
\aboverulesep=\dimen153
\abovetopsep=\dimen154
\cmidrulesep=\dimen155
\cmidrulekern=\dimen156
\defaultaddspace=\dimen157
\@cmidla=\count199
\@cmidlb=\count266
\@aboverulesep=\dimen158
\@belowrulesep=\dimen159
\@thisruleclass=\count267
\@lastruleclass=\count268
\@thisrulewidth=\dimen160
)
(C:\Users\james\AppData\Local\Programs\MiKTeX 2.9\tex/latex/caption\caption.sty
Package: caption 2020/10/26 v3.5g Customizing captions (AR)

(C:\Users\james\AppData\Local\Programs\MiKTeX 2.9\tex/latex/caption\caption3.st
y
Package: caption3 2020/10/21 v2.2e caption3 kernel (AR)

(C:\Users\james\AppData\Local\Programs\MiKTeX 2.9\tex/latex/graphics\keyval.sty
Package: keyval 2014/10/28 v1.15 key=value parser (DPC)
\KV@toks@=\toks27
)
\captionmargin=\dimen161
\captionmargin@=\dimen162
\captionwidth=\dimen163
\caption@tempdima=\dimen164
\caption@indent=\dimen165
\caption@parindent=\dimen166
\caption@hangindent=\dimen167
Package caption Info: Standard document class detected.
)
\c@caption@flags=\count269
\c@continuedfloat=\count270
)
(C:\Users\james\AppData\Local\Programs\MiKTeX 2.9\tex/latex/graphics\color.sty
Package: color 2020/02/24 v1.2b Standard LaTeX Color (DPC)

(C:\Users\james\AppData\Local\Programs\MiKTeX 2.9\tex/latex/graphics-cfg\color.
cfg
File: color.cfg 2016/01/02 v1.6 sample color configuration
)
Package color Info: Driver file: pdftex.def on input line 147.

(C:\Users\james\AppData\Local\Programs\MiKTeX 2.9\tex/latex/graphics-def\pdftex
.def
File: pdftex.def 2020/10/05 v1.2a Graphics/color driver for pdftex
))
(C:\Users\james\AppData\Local\Programs\MiKTeX 2.9\tex/latex/latex-tools\enumera
te.sty
Package: enumerate 2015/07/23 v3.00 enumerate extensions (DPC)
\@enLab=\toks28
)
(C:\Users\james\AppData\Local\Programs\MiKTeX 2.9\tex/latex/fancyhdr\fancyhdr.s
ty
Package: fancyhdr 2021/01/28 v4.0.1 Extensive control of page headers and foote
rs
\f@nch@headwidth=\skip55
\f@nch@O@elh=\skip56
\f@nch@O@erh=\skip57
\f@nch@O@olh=\skip58
\f@nch@O@orh=\skip59
\f@nch@O@elf=\skip60
\f@nch@O@erf=\skip61
\f@nch@O@olf=\skip62
\f@nch@O@orf=\skip63
)
(C:\Users\james\AppData\Local\Programs\MiKTeX 2.9\tex/latex/preprint\fullpage.s
ty
Package: fullpage 1999/02/23 1.1 (PWD)
\FP@margin=\skip64
)
(C:\Users\james\AppData\Local\Programs\MiKTeX 2.9\tex/latex/graphics\graphicx.s
ty
Package: graphicx 2020/09/09 v1.2b Enhanced LaTeX Graphics (DPC,SPQR)

(C:\Users\james\AppData\Local\Programs\MiKTeX 2.9\tex/latex/graphics\graphics.s
ty
Package: graphics 2020/08/30 v1.4c Standard LaTeX Graphics (DPC,SPQR)

(C:\Users\james\AppData\Local\Programs\MiKTeX 2.9\tex/latex/graphics\trig.sty
Package: trig 2016/01/03 v1.10 sin cos tan (DPC)
)
(C:\Users\james\AppData\Local\Programs\MiKTeX 2.9\tex/latex/graphics-cfg\graphi
cs.cfg
File: graphics.cfg 2016/06/04 v1.11 sample graphics configuration
)
Package graphics Info: Driver file: pdftex.def on input line 105.
)
\Gin@req@height=\dimen168
\Gin@req@width=\dimen169
)
(C:\Users\james\AppData\Local\Programs\MiKTeX 2.9\tex/generic/mathdots\mathdots
.sty
Package: mathdots 2014/06/11 v0.9 Improve and add various macros for dots in ma
th.
\MDo@unit=\dimen170
\MDo@dotsbox=\box49
\MDoprekern=\muskip17
\MDopostkern=\muskip18
\MDodotkern=\muskip19
)
(C:\Users\james\AppData\Local\Programs\MiKTeX 2.9\tex/latex/mathtools\mathtools
.sty
Package: mathtools 2020/03/24 v1.24 mathematical typesetting tools

(C:\Users\james\AppData\Local\Programs\MiKTeX 2.9\tex/latex/latex-tools\calc.st
y
Package: calc 2017/05/25 v4.3 Infix arithmetic (KKT,FJ)
\calc@Acount=\count271
\calc@Bcount=\count272
\calc@Adimen=\dimen171
\calc@Bdimen=\dimen172
\calc@Askip=\skip65
\calc@Bskip=\skip66
LaTeX Info: Redefining \setlength on input line 80.
LaTeX Info: Redefining \addtolength on input line 81.
\calc@Ccount=\count273
\calc@Cskip=\skip67
)
(C:\Users\james\AppData\Local\Programs\MiKTeX 2.9\tex/latex/mathtools\mhsetup.s
ty
Package: mhsetup 2017/03/31 v1.3 programming setup (MH)
)
LaTeX Info: Thecontrolsequence`\('isalreadyrobust on input line 130.
LaTeX Info: Thecontrolsequence`\)'isalreadyrobust on input line 130.
LaTeX Info: Thecontrolsequence`\['isalreadyrobust on input line 130.
LaTeX Info: Thecontrolsequence`\]'isalreadyrobust on input line 130.
\g_MT_multlinerow_int=\count274
\l_MT_multwidth_dim=\dimen173
\origjot=\skip68
\l_MT_shortvdotswithinadjustabove_dim=\dimen174
\l_MT_shortvdotswithinadjustbelow_dim=\dimen175
\l_MT_above_intertext_sep=\dimen176
\l_MT_below_intertext_sep=\dimen177
\l_MT_above_shortintertext_sep=\dimen178
\l_MT_below_shortintertext_sep=\dimen179
\xmathstrut@box=\box50
\xmathstrut@dim=\dimen180
)
(C:\Users\james\AppData\Local\Programs\MiKTeX 2.9\tex/latex/marginnote\marginno
te.sty
Package: marginnote 2018/08/09 v1.4b non floating margin notes for LaTeX
\c@mn@abspage=\count275
)
(C:\Users\james\AppData\Local\Programs\MiKTeX 2.9\tex/latex/microtype\microtype
.sty
Package: microtype 2020/12/07 v2.8 Micro-typographical refinements (RS)
\MT@toks=\toks29
\MT@count=\count276
LaTeX Info: Redefining \textls on input line 788.
\MT@outer@kern=\dimen181
LaTeX Info: Redefining \textmicrotypecontext on input line 1358.
\MT@listname@count=\count277

(C:\Users\james\AppData\Local\Programs\MiKTeX 2.9\tex/latex/microtype\microtype
-pdftex.def
File: microtype-pdftex.def 2020/12/07 v2.8 Definitions specific to pdftex (RS)
LaTeX Info: Redefining \lsstyle on input line 915.
LaTeX Info: Redefining \lslig on input line 915.
\MT@outer@space=\skip69
)
Package microtype Info: Loading configuration file microtype.cfg.

(C:\Users\james\AppData\Local\Programs\MiKTeX 2.9\tex/latex/microtype\microtype
.cfg
File: microtype.cfg 2020/12/07 v2.8 microtype main configuration file (RS)
))
(C:\Users\james\AppData\Local\Programs\MiKTeX 2.9\tex/latex/mhchem\mhchem.sty
Package: mhchem 2018/06/22 v4.08 for typesetting chemical formulae

(C:\Users\james\AppData\Local\Programs\MiKTeX 2.9\tex/latex/l3kernel\expl3.sty
Package: expl3 2021-02-18 L3 programming layer (loader) 

(C:\Users\james\AppData\Local\Programs\MiKTeX 2.9\tex/latex/l3backend\l3backend
-pdftex.def
File: l3backend-pdftex.def 2021-02-18 L3 backend support: PDF output (pdfTeX)
\l__color_backend_stack_int=\count278
\l__pdf_internal_box=\box51
))
(C:\Users\james\AppData\Local\Programs\MiKTeX 2.9\tex/latex/l3packages/l3keys2e
\l3keys2e.sty
Package: l3keys2e 2020-10-27 LaTeX2e option processing using LaTeX3 keys
)
(C:\Users\james\AppData\Local\Programs\MiKTeX 2.9\tex/latex/chemgreek\chemgreek
.sty
(C:\Users\james\AppData\Local\Programs\MiKTeX 2.9\tex/latex/l3packages/xparse\x
parse.sty
Package: xparse 2020-10-27 L3 Experimental document command parser

(C:\Users\james\AppData\Local\Programs\MiKTeX 2.9\tex/latex/l3packages/xparse\x
parse-generic.tex))
Package: chemgreek 2020/01/16 v1.1a interface for upright Greek letters for use
 in chemistry (CN)
\l__chemgreek_tmpa_int=\count279
\g__chemgreek_tmpa_int=\count280
)
\l__mhchem_ce_distanceFromLastComma_int=\count281
\__mhchem_arrow_extPgfLength_skip=\skip70
\mhchem@minispace@tmp=\skip71
\mhchem@minibackspace@tmp=\skip72
\mhchem@bondwidth=\skip73
\mhchem@bondheight=\skip74
\mhchem@smallbondwidth@tmpA=\skip75
\mhchem@smallbondwidth@tmpB=\skip76
\mhchem@smallbondwidth=\skip77
\mhchem@bondtmp@minussidebearingleft=\skip78
\mhchem@bondtmp@minussidebearingright=\skip79
\l__mhchem_option_version_int=\count282
\mhchem@option@minusmathsidebearingleft=\dimen182
\mhchem@option@minusmathsidebearingright=\dimen183
\mhchem@option@minustextsidebearingleft=\dimen184
\mhchem@option@minustextsidebearingright=\dimen185
)
(C:\Users\james\AppData\Local\Programs\MiKTeX 2.9\tex/latex/multirow\multirow.s
ty
Package: multirow 2021/01/29 v2.7 Span multiple rows of a table
\multirow@colwidth=\skip80
\multirow@cntb=\count283
\multirow@dima=\skip81
\bigstrutjot=\dimen186
)
(C:\Users\james\AppData\Local\Programs\MiKTeX 2.9\tex/latex/listings\listings.s
ty
\lst@mode=\count284
\lst@gtempboxa=\box52
\lst@token=\toks30
\lst@length=\count285
\lst@currlwidth=\dimen187
\lst@column=\count286
\lst@pos=\count287
\lst@lostspace=\dimen188
\lst@width=\dimen189
\lst@newlines=\count288
\lst@lineno=\count289
\lst@maxwidth=\dimen190

(C:\Users\james\AppData\Local\Programs\MiKTeX 2.9\tex/latex/listings\lstmisc.st
y
File: lstmisc.sty 2020/03/24 1.8d (Carsten Heinz)
\c@lstnumber=\count290
\lst@skipnumbers=\count291
\lst@framebox=\box53
)
(C:\Users\james\AppData\Local\Programs\MiKTeX 2.9\tex/latex/listings\listings.c
fg
File: listings.cfg 2020/03/24 1.8d listings configuration
))
Package: listings 2020/03/24 1.8d (Carsten Heinz)

(C:\Users\james\AppData\Local\Programs\MiKTeX 2.9\tex/latex/pdflscape\pdflscape
.sty
Package: pdflscape 2019/12/05 v0.12 Display of landscape pages in PDF (HO)

(C:\Users\james\AppData\Local\Programs\MiKTeX 2.9\tex/generic/iftex\iftex.sty
Package: iftex 2020/03/06 v1.0d TeX engine tests
)
(C:\Users\james\AppData\Local\Programs\MiKTeX 2.9\tex/latex/graphics\lscape.sty
Package: lscape 2020/05/28 v3.02 Landscape Pages (DPC)
)
Package pdflscape Info: Auto-detected driver: pdftex on input line 81.
)
(C:\Users\james\AppData\Local\Programs\MiKTeX 2.9\tex/latex/pgfplots\pgfplots.s
ty
(C:\Users\james\AppData\Local\Programs\MiKTeX 2.9\tex/generic/pgfplots\pgfplots
.revision.tex)
Package: pgfplots 2020/02/29 v1.17 Data Visualization (1.17)

(C:\Users\james\AppData\Local\Programs\MiKTeX 2.9\tex/latex/pgf/frontendlayer\t
ikz.sty
(C:\Users\james\AppData\Local\Programs\MiKTeX 2.9\tex/latex/pgf/basiclayer\pgf.
sty
(C:\Users\james\AppData\Local\Programs\MiKTeX 2.9\tex/latex/pgf/utilities\pgfrc
s.sty
(C:\Users\james\AppData\Local\Programs\MiKTeX 2.9\tex/generic/pgf/utilities\pgf
util-common.tex
\pgfutil@everybye=\toks31
\pgfutil@tempdima=\dimen191
\pgfutil@tempdimb=\dimen192

(C:\Users\james\AppData\Local\Programs\MiKTeX 2.9\tex/generic/pgf/utilities\pgf
util-common-lists.tex))
(C:\Users\james\AppData\Local\Programs\MiKTeX 2.9\tex/generic/pgf/utilities\pgf
util-latex.def
\pgfutil@abb=\box54
)
(C:\Users\james\AppData\Local\Programs\MiKTeX 2.9\tex/generic/pgf/utilities\pgf
rcs.code.tex
(C:\Users\james\AppData\Local\Programs\MiKTeX 2.9\tex/generic/pgf\pgf.revision.
tex)
Package: pgfrcs 2020/12/27 v3.1.8b (3.1.8b)
))
Package: pgf 2020/12/27 v3.1.8b (3.1.8b)

(C:\Users\james\AppData\Local\Programs\MiKTeX 2.9\tex/latex/pgf/basiclayer\pgfc
ore.sty
(C:\Users\james\AppData\Local\Programs\MiKTeX 2.9\tex/latex/pgf/systemlayer\pgf
sys.sty
(C:\Users\james\AppData\Local\Programs\MiKTeX 2.9\tex/generic/pgf/systemlayer\p
gfsys.code.tex
Package: pgfsys 2020/12/27 v3.1.8b (3.1.8b)

(C:\Users\james\AppData\Local\Programs\MiKTeX 2.9\tex/generic/pgf/utilities\pgf
keys.code.tex
\pgfkeys@pathtoks=\toks32
\pgfkeys@temptoks=\toks33

(C:\Users\james\AppData\Local\Programs\MiKTeX 2.9\tex/generic/pgf/utilities\pgf
keysfiltered.code.tex
\pgfkeys@tmptoks=\toks34
))
\pgf@x=\dimen193
\pgf@y=\dimen194
\pgf@xa=\dimen195
\pgf@ya=\dimen196
\pgf@xb=\dimen197
\pgf@yb=\dimen198
\pgf@xc=\dimen199
\pgf@yc=\dimen256
\pgf@xd=\dimen257
\pgf@yd=\dimen258
\w@pgf@writea=\write3
\r@pgf@reada=\read2
\c@pgf@counta=\count292
\c@pgf@countb=\count293
\c@pgf@countc=\count294
\c@pgf@countd=\count295
\t@pgf@toka=\toks35
\t@pgf@tokb=\toks36
\t@pgf@tokc=\toks37
\pgf@sys@id@count=\count296

(C:\Users\james\AppData\Local\Programs\MiKTeX 2.9\tex/generic/pgf/systemlayer\p
gf.cfg
File: pgf.cfg 2020/12/27 v3.1.8b (3.1.8b)
)
Driver file for pgf: pgfsys-pdftex.def

(C:\Users\james\AppData\Local\Programs\MiKTeX 2.9\tex/generic/pgf/systemlayer\p
gfsys-pdftex.def
File: pgfsys-pdftex.def 2020/12/27 v3.1.8b (3.1.8b)

(C:\Users\james\AppData\Local\Programs\MiKTeX 2.9\tex/generic/pgf/systemlayer\p
gfsys-common-pdf.def
File: pgfsys-common-pdf.def 2020/12/27 v3.1.8b (3.1.8b)
)))
(C:\Users\james\AppData\Local\Programs\MiKTeX 2.9\tex/generic/pgf/systemlayer\p
gfsyssoftpath.code.tex
File: pgfsyssoftpath.code.tex 2020/12/27 v3.1.8b (3.1.8b)
\pgfsyssoftpath@smallbuffer@items=\count297
\pgfsyssoftpath@bigbuffer@items=\count298
)
(C:\Users\james\AppData\Local\Programs\MiKTeX 2.9\tex/generic/pgf/systemlayer\p
gfsysprotocol.code.tex
File: pgfsysprotocol.code.tex 2020/12/27 v3.1.8b (3.1.8b)
))
(C:\Users\james\AppData\Local\Programs\MiKTeX 2.9\tex/latex/xcolor\xcolor.sty
Package: xcolor 2016/05/11 v2.12 LaTeX color extensions (UK)

(C:\Users\james\AppData\Local\Programs\MiKTeX 2.9\tex/latex/graphics-cfg\color.
cfg
File: color.cfg 2016/01/02 v1.6 sample color configuration
)
Package xcolor Info: Driver file: pdftex.def on input line 225.
LaTeX Info: Redefining \color on input line 709.
Package xcolor Info: Model `cmy' substituted by `cmy0' on input line 1348.
Package xcolor Info: Model `hsb' substituted by `rgb' on input line 1352.
Package xcolor Info: Model `RGB' extended on input line 1364.
Package xcolor Info: Model `HTML' substituted by `rgb' on input line 1366.
Package xcolor Info: Model `Hsb' substituted by `hsb' on input line 1367.
Package xcolor Info: Model `tHsb' substituted by `hsb' on input line 1368.
Package xcolor Info: Model `HSB' substituted by `hsb' on input line 1369.
Package xcolor Info: Model `Gray' substituted by `gray' on input line 1370.
Package xcolor Info: Model `wave' substituted by `hsb' on input line 1371.
)
(C:\Users\james\AppData\Local\Programs\MiKTeX 2.9\tex/generic/pgf/basiclayer\pg
fcore.code.tex
Package: pgfcore 2020/12/27 v3.1.8b (3.1.8b)

(C:\Users\james\AppData\Local\Programs\MiKTeX 2.9\tex/generic/pgf/math\pgfmath.
code.tex
(C:\Users\james\AppData\Local\Programs\MiKTeX 2.9\tex/generic/pgf/math\pgfmathc
alc.code.tex
(C:\Users\james\AppData\Local\Programs\MiKTeX 2.9\tex/generic/pgf/math\pgfmathu
til.code.tex)
(C:\Users\james\AppData\Local\Programs\MiKTeX 2.9\tex/generic/pgf/math\pgfmathp
arser.code.tex
\pgfmath@dimen=\dimen259
\pgfmath@count=\count299
\pgfmath@box=\box55
\pgfmath@toks=\toks38
\pgfmath@stack@operand=\toks39
\pgfmath@stack@operation=\toks40
)
(C:\Users\james\AppData\Local\Programs\MiKTeX 2.9\tex/generic/pgf/math\pgfmathf
unctions.code.tex
(C:\Users\james\AppData\Local\Programs\MiKTeX 2.9\tex/generic/pgf/math\pgfmathf
unctions.basic.code.tex)
(C:\Users\james\AppData\Local\Programs\MiKTeX 2.9\tex/generic/pgf/math\pgfmathf
unctions.trigonometric.code.tex)
(C:\Users\james\AppData\Local\Programs\MiKTeX 2.9\tex/generic/pgf/math\pgfmathf
unctions.random.code.tex)
(C:\Users\james\AppData\Local\Programs\MiKTeX 2.9\tex/generic/pgf/math\pgfmathf
unctions.comparison.code.tex)
(C:\Users\james\AppData\Local\Programs\MiKTeX 2.9\tex/generic/pgf/math\pgfmathf
unctions.base.code.tex)
(C:\Users\james\AppData\Local\Programs\MiKTeX 2.9\tex/generic/pgf/math\pgfmathf
unctions.round.code.tex)
(C:\Users\james\AppData\Local\Programs\MiKTeX 2.9\tex/generic/pgf/math\pgfmathf
unctions.misc.code.tex)
(C:\Users\james\AppData\Local\Programs\MiKTeX 2.9\tex/generic/pgf/math\pgfmathf
unctions.integerarithmetics.code.tex)))
(C:\Users\james\AppData\Local\Programs\MiKTeX 2.9\tex/generic/pgf/math\pgfmathf
loat.code.tex
\c@pgfmathroundto@lastzeros=\count300
))
(C:\Users\james\AppData\Local\Programs\MiKTeX 2.9\tex/generic/pgf/math\pgfint.c
ode.tex)
(C:\Users\james\AppData\Local\Programs\MiKTeX 2.9\tex/generic/pgf/basiclayer\pg
fcorepoints.code.tex
File: pgfcorepoints.code.tex 2020/12/27 v3.1.8b (3.1.8b)
\pgf@picminx=\dimen260
\pgf@picmaxx=\dimen261
\pgf@picminy=\dimen262
\pgf@picmaxy=\dimen263
\pgf@pathminx=\dimen264
\pgf@pathmaxx=\dimen265
\pgf@pathminy=\dimen266
\pgf@pathmaxy=\dimen267
\pgf@xx=\dimen268
\pgf@xy=\dimen269
\pgf@yx=\dimen270
\pgf@yy=\dimen271
\pgf@zx=\dimen272
\pgf@zy=\dimen273
)
(C:\Users\james\AppData\Local\Programs\MiKTeX 2.9\tex/generic/pgf/basiclayer\pg
fcorepathconstruct.code.tex
File: pgfcorepathconstruct.code.tex 2020/12/27 v3.1.8b (3.1.8b)
\pgf@path@lastx=\dimen274
\pgf@path@lasty=\dimen275
)
(C:\Users\james\AppData\Local\Programs\MiKTeX 2.9\tex/generic/pgf/basiclayer\pg
fcorepathusage.code.tex
File: pgfcorepathusage.code.tex 2020/12/27 v3.1.8b (3.1.8b)
\pgf@shorten@end@additional=\dimen276
\pgf@shorten@start@additional=\dimen277
)
(C:\Users\james\AppData\Local\Programs\MiKTeX 2.9\tex/generic/pgf/basiclayer\pg
fcorescopes.code.tex
File: pgfcorescopes.code.tex 2020/12/27 v3.1.8b (3.1.8b)
\pgfpic=\box56
\pgf@hbox=\box57
\pgf@layerbox@main=\box58
\pgf@picture@serial@count=\count301
)
(C:\Users\james\AppData\Local\Programs\MiKTeX 2.9\tex/generic/pgf/basiclayer\pg
fcoregraphicstate.code.tex
File: pgfcoregraphicstate.code.tex 2020/12/27 v3.1.8b (3.1.8b)
\pgflinewidth=\dimen278
)
(C:\Users\james\AppData\Local\Programs\MiKTeX 2.9\tex/generic/pgf/basiclayer\pg
fcoretransformations.code.tex
File: pgfcoretransformations.code.tex 2020/12/27 v3.1.8b (3.1.8b)
\pgf@pt@x=\dimen279
\pgf@pt@y=\dimen280
\pgf@pt@temp=\dimen281
)
(C:\Users\james\AppData\Local\Programs\MiKTeX 2.9\tex/generic/pgf/basiclayer\pg
fcorequick.code.tex
File: pgfcorequick.code.tex 2020/12/27 v3.1.8b (3.1.8b)
)
(C:\Users\james\AppData\Local\Programs\MiKTeX 2.9\tex/generic/pgf/basiclayer\pg
fcoreobjects.code.tex
File: pgfcoreobjects.code.tex 2020/12/27 v3.1.8b (3.1.8b)
)
(C:\Users\james\AppData\Local\Programs\MiKTeX 2.9\tex/generic/pgf/basiclayer\pg
fcorepathprocessing.code.tex
File: pgfcorepathprocessing.code.tex 2020/12/27 v3.1.8b (3.1.8b)
)
(C:\Users\james\AppData\Local\Programs\MiKTeX 2.9\tex/generic/pgf/basiclayer\pg
fcorearrows.code.tex
File: pgfcorearrows.code.tex 2020/12/27 v3.1.8b (3.1.8b)
\pgfarrowsep=\dimen282
)
(C:\Users\james\AppData\Local\Programs\MiKTeX 2.9\tex/generic/pgf/basiclayer\pg
fcoreshade.code.tex
File: pgfcoreshade.code.tex 2020/12/27 v3.1.8b (3.1.8b)
\pgf@max=\dimen283
\pgf@sys@shading@range@num=\count302
\pgf@shadingcount=\count303
)
(C:\Users\james\AppData\Local\Programs\MiKTeX 2.9\tex/generic/pgf/basiclayer\pg
fcoreimage.code.tex
File: pgfcoreimage.code.tex 2020/12/27 v3.1.8b (3.1.8b)

(C:\Users\james\AppData\Local\Programs\MiKTeX 2.9\tex/generic/pgf/basiclayer\pg
fcoreexternal.code.tex
File: pgfcoreexternal.code.tex 2020/12/27 v3.1.8b (3.1.8b)
\pgfexternal@startupbox=\box59
))
(C:\Users\james\AppData\Local\Programs\MiKTeX 2.9\tex/generic/pgf/basiclayer\pg
fcorelayers.code.tex
File: pgfcorelayers.code.tex 2020/12/27 v3.1.8b (3.1.8b)
)
(C:\Users\james\AppData\Local\Programs\MiKTeX 2.9\tex/generic/pgf/basiclayer\pg
fcoretransparency.code.tex
File: pgfcoretransparency.code.tex 2020/12/27 v3.1.8b (3.1.8b)
)
(C:\Users\james\AppData\Local\Programs\MiKTeX 2.9\tex/generic/pgf/basiclayer\pg
fcorepatterns.code.tex
File: pgfcorepatterns.code.tex 2020/12/27 v3.1.8b (3.1.8b)
)
(C:\Users\james\AppData\Local\Programs\MiKTeX 2.9\tex/generic/pgf/basiclayer\pg
fcorerdf.code.tex
File: pgfcorerdf.code.tex 2020/12/27 v3.1.8b (3.1.8b)
)))
(C:\Users\james\AppData\Local\Programs\MiKTeX 2.9\tex/generic/pgf/modules\pgfmo
duleshapes.code.tex
File: pgfmoduleshapes.code.tex 2020/12/27 v3.1.8b (3.1.8b)
\pgfnodeparttextbox=\box60
)
(C:\Users\james\AppData\Local\Programs\MiKTeX 2.9\tex/generic/pgf/modules\pgfmo
duleplot.code.tex
File: pgfmoduleplot.code.tex 2020/12/27 v3.1.8b (3.1.8b)
)
(C:\Users\james\AppData\Local\Programs\MiKTeX 2.9\tex/latex/pgf/compatibility\p
gfcomp-version-0-65.sty
Package: pgfcomp-version-0-65 2020/12/27 v3.1.8b (3.1.8b)
\pgf@nodesepstart=\dimen284
\pgf@nodesepend=\dimen285
)
(C:\Users\james\AppData\Local\Programs\MiKTeX 2.9\tex/latex/pgf/compatibility\p
gfcomp-version-1-18.sty
Package: pgfcomp-version-1-18 2020/12/27 v3.1.8b (3.1.8b)
))
(C:\Users\james\AppData\Local\Programs\MiKTeX 2.9\tex/latex/pgf/utilities\pgffo
r.sty
(C:\Users\james\AppData\Local\Programs\MiKTeX 2.9\tex/latex/pgf/utilities\pgfke
ys.sty
(C:\Users\james\AppData\Local\Programs\MiKTeX 2.9\tex/generic/pgf/utilities\pgf
keys.code.tex))
(C:\Users\james\AppData\Local\Programs\MiKTeX 2.9\tex/latex/pgf/math\pgfmath.st
y
(C:\Users\james\AppData\Local\Programs\MiKTeX 2.9\tex/generic/pgf/math\pgfmath.
code.tex))
(C:\Users\james\AppData\Local\Programs\MiKTeX 2.9\tex/generic/pgf/utilities\pgf
for.code.tex
Package: pgffor 2020/12/27 v3.1.8b (3.1.8b)

(C:\Users\james\AppData\Local\Programs\MiKTeX 2.9\tex/generic/pgf/math\pgfmath.
code.tex)
\pgffor@iter=\dimen286
\pgffor@skip=\dimen287
\pgffor@stack=\toks41
\pgffor@toks=\toks42
))
(C:\Users\james\AppData\Local\Programs\MiKTeX 2.9\tex/generic/pgf/frontendlayer
/tikz\tikz.code.tex
Package: tikz 2020/12/27 v3.1.8b (3.1.8b)

(C:\Users\james\AppData\Local\Programs\MiKTeX 2.9\tex/generic/pgf/libraries\pgf
libraryplothandlers.code.tex
File: pgflibraryplothandlers.code.tex 2020/12/27 v3.1.8b (3.1.8b)
\pgf@plot@mark@count=\count304
\pgfplotmarksize=\dimen288
)
\tikz@lastx=\dimen289
\tikz@lasty=\dimen290
\tikz@lastxsaved=\dimen291
\tikz@lastysaved=\dimen292
\tikz@lastmovetox=\dimen293
\tikz@lastmovetoy=\dimen294
\tikzleveldistance=\dimen295
\tikzsiblingdistance=\dimen296
\tikz@figbox=\box61
\tikz@figbox@bg=\box62
\tikz@tempbox=\box63
\tikz@tempbox@bg=\box64
\tikztreelevel=\count305
\tikznumberofchildren=\count306
\tikznumberofcurrentchild=\count307
\tikz@fig@count=\count308

(C:\Users\james\AppData\Local\Programs\MiKTeX 2.9\tex/generic/pgf/modules\pgfmo
dulematrix.code.tex
File: pgfmodulematrix.code.tex 2020/12/27 v3.1.8b (3.1.8b)
\pgfmatrixcurrentrow=\count309
\pgfmatrixcurrentcolumn=\count310
\pgf@matrix@numberofcolumns=\count311
)
\tikz@expandcount=\count312

(C:\Users\james\AppData\Local\Programs\MiKTeX 2.9\tex/generic/pgf/frontendlayer
/tikz/libraries\tikzlibrarytopaths.code.tex
File: tikzlibrarytopaths.code.tex 2020/12/27 v3.1.8b (3.1.8b)
)))
(C:\Users\james\AppData\Local\Programs\MiKTeX 2.9\tex/generic/pgfplots\pgfplots
.code.tex
(C:\Users\james\AppData\Local\Programs\MiKTeX 2.9\tex/generic/pgfplots\pgfplots
core.code.tex
\t@pgfplots@toka=\toks43
\t@pgfplots@tokb=\toks44
\t@pgfplots@tokc=\toks45
\pgfplots@tmpa=\dimen297
\c@pgfplots@coordindex=\count313
\c@pgfplots@scanlineindex=\count314

(C:\Users\james\AppData\Local\Programs\MiKTeX 2.9\tex/generic/pgfplots/sys\pgfp
lotssysgeneric.code.tex))
(C:\Users\james\AppData\Local\Programs\MiKTeX 2.9\tex/generic/pgfplots/libs\pgf
plotslibrary.code.tex)
(C:\Users\james\AppData\Local\Programs\MiKTeX 2.9\tex/generic/pgfplots/oldpgfco
mpatib\pgfplotsoldpgfsupp_loader.code.tex
(C:\Users\james\AppData\Local\Programs\MiKTeX 2.9\tex/generic/pgf/libraries\pgf
libraryfpu.code.tex))
(C:\Users\james\AppData\Local\Programs\MiKTeX 2.9\tex/generic/pgfplots/util\pgf
plotsutil.code.tex
(C:\Users\james\AppData\Local\Programs\MiKTeX 2.9\tex/generic/pgfplots/liststru
cture\pgfplotsliststructure.code.tex)
(C:\Users\james\AppData\Local\Programs\MiKTeX 2.9\tex/generic/pgfplots/liststru
cture\pgfplotsliststructureext.code.tex)
(C:\Users\james\AppData\Local\Programs\MiKTeX 2.9\tex/generic/pgfplots/liststru
cture\pgfplotsarray.code.tex
\c@pgfplotsarray@tmp=\count315
)
(C:\Users\james\AppData\Local\Programs\MiKTeX 2.9\tex/generic/pgfplots/liststru
cture\pgfplotsmatrix.code.tex)
(C:\Users\james\AppData\Local\Programs\MiKTeX 2.9\tex/generic/pgfplots/numtable
\pgfplotstableshared.code.tex
\c@pgfplotstable@counta=\count316
\t@pgfplotstable@a=\toks46
)
(C:\Users\james\AppData\Local\Programs\MiKTeX 2.9\tex/generic/pgfplots/liststru
cture\pgfplotsdeque.code.tex)
(C:\Users\james\AppData\Local\Programs\MiKTeX 2.9\tex/generic/pgfplots/util\pgf
plotsbinary.code.tex
(C:\Users\james\AppData\Local\Programs\MiKTeX 2.9\tex/generic/pgfplots/util\pgf
plotsbinary.data.code.tex))
(C:\Users\james\AppData\Local\Programs\MiKTeX 2.9\tex/generic/pgfplots/util\pgf
plotsutil.verb.code.tex)
(C:\Users\james\AppData\Local\Programs\MiKTeX 2.9\tex/generic/pgfplots/libs\pgf
librarypgfplots.surfshading.code.tex
\c@pgfplotslibrarysurf@no=\count317

(C:\Users\james\AppData\Local\Programs\MiKTeX 2.9\tex/generic/pgfplots/sys\pgfl
ibrarypgfplots.surfshading.pgfsys-pdftex.def)))
(C:\Users\james\AppData\Local\Programs\MiKTeX 2.9\tex/generic/pgfplots/util\pgf
plotscolormap.code.tex
(C:\Users\james\AppData\Local\Programs\MiKTeX 2.9\tex/generic/pgfplots/util\pgf
plotscolor.code.tex))
(C:\Users\james\AppData\Local\Programs\MiKTeX 2.9\tex/generic/pgfplots\pgfplots
stackedplots.code.tex)
(C:\Users\james\AppData\Local\Programs\MiKTeX 2.9\tex/generic/pgfplots\pgfplots
plothandlers.code.tex
(C:\Users\james\AppData\Local\Programs\MiKTeX 2.9\tex/generic/pgfplots\pgfplots
meshplothandler.code.tex
(C:\Users\james\AppData\Local\Programs\MiKTeX 2.9\tex/generic/pgfplots\pgfplots
meshplotimage.code.tex)))
(C:\Users\james\AppData\Local\Programs\MiKTeX 2.9\tex/generic/pgfplots\pgfplots
.scaling.code.tex)
(C:\Users\james\AppData\Local\Programs\MiKTeX 2.9\tex/generic/pgfplots\pgfplots
coordprocessing.code.tex)
(C:\Users\james\AppData\Local\Programs\MiKTeX 2.9\tex/generic/pgfplots\pgfplots
.errorbars.code.tex)
(C:\Users\james\AppData\Local\Programs\MiKTeX 2.9\tex/generic/pgfplots\pgfplots
.markers.code.tex)
(C:\Users\james\AppData\Local\Programs\MiKTeX 2.9\tex/generic/pgfplots\pgfplots
ticks.code.tex)
(C:\Users\james\AppData\Local\Programs\MiKTeX 2.9\tex/generic/pgfplots\pgfplots
.paths.code.tex)
(C:\Users\james\AppData\Local\Programs\MiKTeX 2.9\tex/generic/pgf/frontendlayer
/tikz/libraries\tikzlibrarydecorations.code.tex
(C:\Users\james\AppData\Local\Programs\MiKTeX 2.9\tex/generic/pgf/modules\pgfmo
duledecorations.code.tex
\pgfdecoratedcompleteddistance=\dimen298
\pgfdecoratedremainingdistance=\dimen299
\pgfdecoratedinputsegmentcompleteddistance=\dimen300
\pgfdecoratedinputsegmentremainingdistance=\dimen301
\pgf@decorate@distancetomove=\dimen302
\pgf@decorate@repeatstate=\count318
\pgfdecorationsegmentamplitude=\dimen303
\pgfdecorationsegmentlength=\dimen304
)
\tikz@lib@dec@box=\box65
)
(C:\Users\james\AppData\Local\Programs\MiKTeX 2.9\tex/generic/pgf/frontendlayer
/tikz/libraries\tikzlibrarydecorations.pathmorphing.code.tex
(C:\Users\james\AppData\Local\Programs\MiKTeX 2.9\tex/generic/pgf/libraries/dec
orations\pgflibrarydecorations.pathmorphing.code.tex))
(C:\Users\james\AppData\Local\Programs\MiKTeX 2.9\tex/generic/pgf/frontendlayer
/tikz/libraries\tikzlibrarydecorations.pathreplacing.code.tex
(C:\Users\james\AppData\Local\Programs\MiKTeX 2.9\tex/generic/pgf/libraries/dec
orations\pgflibrarydecorations.pathreplacing.code.tex))
\pgfplots@numplots=\count319
\pgfplots@xmin@reg=\dimen305
\pgfplots@xmax@reg=\dimen306
\pgfplots@ymin@reg=\dimen307
\pgfplots@ymax@reg=\dimen308
\pgfplots@zmin@reg=\dimen309
\pgfplots@zmax@reg=\dimen310
)
(C:\Users\james\AppData\Local\Programs\MiKTeX 2.9\tex/generic/pgf/frontendlayer
/tikz/libraries\tikzlibraryplotmarks.code.tex
File: tikzlibraryplotmarks.code.tex 2020/12/27 v3.1.8b (3.1.8b)

(C:\Users\james\AppData\Local\Programs\MiKTeX 2.9\tex/generic/pgf/libraries\pgf
libraryplotmarks.code.tex
File: pgflibraryplotmarks.code.tex 2020/12/27 v3.1.8b (3.1.8b)
)))
(C:\Users\james\AppData\Local\Programs\MiKTeX 2.9\tex/latex/siunitx\siunitx.sty
Package: siunitx 2020/02/25 v2.8b A comprehensive (SI) units package

(C:\Users\james\AppData\Local\Programs\MiKTeX 2.9\tex/latex/latex-tools\array.s
ty
Package: array 2020/10/01 v2.5c Tabular extension package (FMi)
\col@sep=\dimen311
\ar@mcellbox=\box66
\extrarowheight=\dimen312
\NC@list=\toks47
\extratabsurround=\skip82
\backup@length=\skip83
\ar@cellbox=\box67
)
\l__siunitx_tmp_box=\box68
\l__siunitx_tmp_dim=\dimen313
\l__siunitx_tmp_int=\count320
\l__siunitx_number_mantissa_length_int=\count321
\l__siunitx_number_uncert_length_int=\count322
\l__siunitx_round_int=\count323
\l__siunitx_process_decimal_int=\count324
\l__siunitx_process_uncertainty_int=\count325
\l__siunitx_process_fixed_int=\count326
\l__siunitx_process_integer_min_int=\count327
\l__siunitx_process_precision_int=\count328
\l__siunitx_group_min_int=\count329
\l__siunitx_angle_marker_box=\box69
\l__siunitx_angle_unit_box=\box70
\l__siunitx_angle_marker_dim=\dimen314
\l__siunitx_angle_unit_dim=\dimen315
\l__siunitx_unit_int=\count330
\l__siunitx_unit_denominator_int=\count331
\l__siunitx_unit_numerator_int=\count332
\l__siunitx_unit_prefix_int=\count333
\l__siunitx_unit_prefix_base_int=\count334
\l__siunitx_unit_prefix_gram_int=\count335
\l__siunitx_number_product_int=\count336
\c__siunitx_one_fill_skip=\skip84
\l__siunitx_table_unit_align_skip=\skip85
\l__siunitx_table_exponent_dim=\dimen316
\l__siunitx_table_integer_dim=\dimen317
\l__siunitx_table_mantissa_dim=\dimen318
\l__siunitx_table_marker_dim=\dimen319
\l__siunitx_table_result_dim=\dimen320
\l__siunitx_table_uncert_dim=\dimen321
\l__siunitx_table_fill_pre_dim=\dimen322
\l__siunitx_table_fill_post_dim=\dimen323
\l__siunitx_table_fill_mid_dim=\dimen324
\l__siunitx_table_pre_box=\box71
\l__siunitx_table_post_box=\box72
\l__siunitx_table_mantissa_box=\box73
\l__siunitx_table_result_box=\box74
\l__siunitx_table_number_align_skip=\skip86
\l__siunitx_table_text_align_skip=\skip87

(C:\Users\james\AppData\Local\Programs\MiKTeX 2.9\tex/latex/translator\translat
or.sty
Package: translator 2020-08-03 v1.12c Easy translation of strings in LaTeX
))
(C:\Users\james\AppData\Local\Programs\MiKTeX 2.9\tex/latex/scalerel\scalerel.s
ty
Package: scalerel 2016/12/29 v1.8 Routines for constrained scaling and stretchi
ng of objects, relative to a reference object or in absolute terms

(C:\Users\james\AppData\Local\Programs\MiKTeX 2.9\tex/latex/etoolbox\etoolbox.s
ty
Package: etoolbox 2020/10/05 v2.5k e-TeX tools for LaTeX (JAW)
\etb@tempcnta=\count337
)
\thesrwidth=\skip88
\thesrheight=\skip89
\srblobheight=\skip90
\srblobdepth=\skip91
\mnxsrwidth=\skip92
\LMex=\skip93
\LMpt=\skip94
)
(C:\Users\james\AppData\Local\Programs\MiKTeX 2.9\tex/latex/stackengine\stacken
gine.sty
Package: stackengine 2017/02/13 v4.01\ Stacking text and objects in convenient 
ways

(C:\Users\james\AppData\Local\Programs\MiKTeX 2.9\tex/latex/listofitems\listofi
tems.sty
(C:\Users\james\AppData\Local\Programs\MiKTeX 2.9\tex/generic/listofitems\listo
fitems.tex
\loi_cnt_foreach_nest=\count338
\loi_nestcnt=\count339
)
Package: listofitems 2019/08/21 v1.63 Grab items in lists using user-specified 
sep char (CT)
)
\c@@stackindex=\count340
\@boxshift=\skip95
\stack@tmplength=\skip96
\temp@stkl=\skip97
\@stackedboxwidth=\skip98
\@addedbox=\box75
\@anchorbox=\box76
\stackedbox=\box77
\@centerbox=\box78
\c@ROWcellindex@=\count341
)
(C:\Users\james\AppData\Local\Programs\MiKTeX 2.9\tex/latex/carlisle\slashed.st
y
Package: slashed 1997/01/16 v0.01 Feynman Slashed Character Notation (DPC)
)
(C:\Users\james\AppData\Local\Programs\MiKTeX 2.9\tex/latex/latex-tools\tabular
x.sty
Package: tabularx 2020/01/15 v2.11c `tabularx' package (DPC)
\TX@col@width=\dimen325
\TX@old@table=\dimen326
\TX@old@col=\dimen327
\TX@target=\dimen328
\TX@delta=\dimen329
\TX@cols=\count342
\TX@ftn=\toks48
)
(C:\Users\james\AppData\Local\Programs\MiKTeX 2.9\tex/latex/tcolorbox\tcolorbox
.sty
Package: tcolorbox 2020/10/09 version 4.42 text color boxes

(C:\Users\james\AppData\Local\Programs\MiKTeX 2.9\tex/latex/latex-tools\verbati
m.sty
Package: verbatim 2020-07-07 v1.5u LaTeX2e package for verbatim enhancements
\every@verbatim=\toks49
\verbatim@line=\toks50
\verbatim@in@stream=\read3
)
(C:\Users\james\AppData\Local\Programs\MiKTeX 2.9\tex/latex/environ\environ.sty
Package: environ 2014/05/04 v0.3 A new way to define environments

(C:\Users\james\AppData\Local\Programs\MiKTeX 2.9\tex/latex/trimspaces\trimspac
es.sty
Package: trimspaces 2009/09/17 v1.1 Trim spaces around a token list
))
\tcb@titlebox=\box79
\tcb@upperbox=\box80
\tcb@lowerbox=\box81
\tcb@phantombox=\box82
\c@tcbbreakpart=\count343
\c@tcblayer=\count344
\c@tcolorbox@number=\count345
\tcb@temp=\box83
\tcb@temp=\box84
\tcb@temp=\box85
\tcb@temp=\box86
\tcb@out=\write4
\tcb@record@out=\write5
)
(C:\Users\james\AppData\Local\Programs\MiKTeX 2.9\tex/latex/tikz-cd\tikz-cd.sty
Package: tikz-cd 2018/11/19 v0.9f Commutative diagrams with TikZ

(C:\Users\james\AppData\Local\Programs\MiKTeX 2.9\tex/latex/tikz-cd\tikzlibrary
cd.code.tex
(C:\Users\james\AppData\Local\Programs\MiKTeX 2.9\tex/generic/pgf/frontendlayer
/tikz/libraries\tikzlibrarymatrix.code.tex
File: tikzlibrarymatrix.code.tex 2020/12/27 v3.1.8b (3.1.8b)
)
(C:\Users\james\AppData\Local\Programs\MiKTeX 2.9\tex/generic/pgf/frontendlayer
/tikz/libraries\tikzlibraryquotes.code.tex
File: tikzlibraryquotes.code.tex 2020/12/27 v3.1.8b (3.1.8b)
)
(C:\Users\james\AppData\Local\Programs\MiKTeX 2.9\tex/generic/pgf/libraries\pgf
libraryarrows.meta.code.tex
File: pgflibraryarrows.meta.code.tex 2020/12/27 v3.1.8b (3.1.8b)
\pgfarrowinset=\dimen330
\pgfarrowlength=\dimen331
\pgfarrowwidth=\dimen332
\pgfarrowlinewidth=\dimen333
)))
(C:\Users\james\AppData\Local\Programs\MiKTeX 2.9\tex/latex/tkz-euclide\tkz-euc
lide.sty
2020/03/18 3.06c tkz-euclide.sty
Package: tkz-euclide 2020/03/18 3.06c for euclidan geometry 

(C:\Users\james\AppData\Local\Programs\MiKTeX 2.9\tex/latex/tkz-base\tkz-base.s
ty
2020/03/18 3.06c tkz-base.sty
Package: tkz-base 2020/03/18 3.06c tkz-base

(C:\Users\james\AppData\Local\Programs\MiKTeX 2.9\tex/generic/pgf/frontendlayer
/tikz/libraries\tikzlibraryangles.code.tex
File: tikzlibraryangles.code.tex 2020/12/27 v3.1.8b (3.1.8b)
)
(C:\Users\james\AppData\Local\Programs\MiKTeX 2.9\tex/generic/pgf/frontendlayer
/tikz/libraries\tikzlibraryarrows.code.tex
File: tikzlibraryarrows.code.tex 2020/12/27 v3.1.8b (3.1.8b)

(C:\Users\james\AppData\Local\Programs\MiKTeX 2.9\tex/generic/pgf/libraries\pgf
libraryarrows.code.tex
File: pgflibraryarrows.code.tex 2020/12/27 v3.1.8b (3.1.8b)
\arrowsize=\dimen334
))
(C:\Users\james\AppData\Local\Programs\MiKTeX 2.9\tex/generic/pgf/frontendlayer
/tikz/libraries\tikzlibrarybabel.code.tex
File: tikzlibrarybabel.code.tex 2020/12/27 v3.1.8b (3.1.8b)
)
(C:\Users\james\AppData\Local\Programs\MiKTeX 2.9\tex/generic/pgf/frontendlayer
/tikz/libraries\tikzlibrarycalc.code.tex
File: tikzlibrarycalc.code.tex 2020/12/27 v3.1.8b (3.1.8b)
)
(C:\Users\james\AppData\Local\Programs\MiKTeX 2.9\tex/generic/pgf/frontendlayer
/tikz/libraries\tikzlibrarydecorations.markings.code.tex
(C:\Users\james\AppData\Local\Programs\MiKTeX 2.9\tex/generic/pgf/libraries/dec
orations\pgflibrarydecorations.markings.code.tex))
(C:\Users\james\AppData\Local\Programs\MiKTeX 2.9\tex/generic/pgf/frontendlayer
/tikz/libraries\tikzlibrarydecorations.shapes.code.tex
(C:\Users\james\AppData\Local\Programs\MiKTeX 2.9\tex/generic/pgf/libraries/dec
orations\pgflibrarydecorations.shapes.code.tex))
(C:\Users\james\AppData\Local\Programs\MiKTeX 2.9\tex/generic/pgf/frontendlayer
/tikz/libraries\tikzlibrarydecorations.text.code.tex
(C:\Users\james\AppData\Local\Programs\MiKTeX 2.9\tex/generic/pgf/libraries/dec
orations\pgflibrarydecorations.text.code.tex
\pgf@lib@dec@text@box=\box87
)
\tikz@lib@dec@te@box=\box88
)
(C:\Users\james\AppData\Local\Programs\MiKTeX 2.9\tex/generic/pgf/frontendlayer
/tikz/libraries\tikzlibraryintersections.code.tex
(C:\Users\james\AppData\Local\Programs\MiKTeX 2.9\tex/generic/pgf/libraries\pgf
libraryintersections.code.tex
\pgf@intersect@solutions=\count346
))
(C:\Users\james\AppData\Local\Programs\MiKTeX 2.9\tex/generic/pgf/frontendlayer
/tikz/libraries\tikzlibrarypatterns.code.tex
File: tikzlibrarypatterns.code.tex 2020/12/27 v3.1.8b (3.1.8b)

(C:\Users\james\AppData\Local\Programs\MiKTeX 2.9\tex/generic/pgf/libraries\pgf
librarypatterns.code.tex
File: pgflibrarypatterns.code.tex 2020/12/27 v3.1.8b (3.1.8b)
))
(C:\Users\james\AppData\Local\Programs\MiKTeX 2.9\tex/generic/pgf/frontendlayer
/tikz/libraries\tikzlibrarypositioning.code.tex
File: tikzlibrarypositioning.code.tex 2020/12/27 v3.1.8b (3.1.8b)
)
(C:\Users\james\AppData\Local\Programs\MiKTeX 2.9\tex/generic/pgf/frontendlayer
/tikz/libraries\tikzlibraryshadows.code.tex
File: tikzlibraryshadows.code.tex 2020/12/27 v3.1.8b (3.1.8b)

(C:\Users\james\AppData\Local\Programs\MiKTeX 2.9\tex/generic/pgf/frontendlayer
/tikz/libraries\tikzlibraryfadings.code.tex
File: tikzlibraryfadings.code.tex 2020/12/27 v3.1.8b (3.1.8b)

(C:\Users\james\AppData\Local\Programs\MiKTeX 2.9\tex/generic/pgf/libraries\pgf
libraryfadings.code.tex
File: pgflibraryfadings.code.tex 2020/12/27 v3.1.8b (3.1.8b)
)))
(C:\Users\james\AppData\Local\Programs\MiKTeX 2.9\tex/generic/pgf/frontendlayer
/tikz/libraries\tikzlibraryshapes.misc.code.tex
File: tikzlibraryshapes.misc.code.tex 2020/12/27 v3.1.8b (3.1.8b)

(C:\Users\james\AppData\Local\Programs\MiKTeX 2.9\tex/generic/pgf/libraries/sha
pes\pgflibraryshapes.misc.code.tex
File: pgflibraryshapes.misc.code.tex 2020/12/27 v3.1.8b (3.1.8b)
))
(C:\Users\james\AppData\Local\Programs\MiKTeX 2.9\tex/generic/pgf/frontendlayer
/tikz/libraries\tikzlibrarythrough.code.tex
File: tikzlibrarythrough.code.tex 2020/12/27 v3.1.8b (3.1.8b)
)
(C:\Users\james\AppData\Local\Programs\MiKTeX 2.9\tex/latex/numprint\numprint.s
ty
Package: numprint 2012/08/20 v1.39 Print numbers (HH)
\c@nprt@mantissa@digitsbefore=\count347
\c@nprt@mantissa@digitsafter=\count348
\c@nprt@exponent@digitsbefore=\count349
\c@nprt@exponent@digitsafter=\count350
\nprt@digitwidth=\skip99
\nprt@sepwidth=\skip100
\nprt@decimalwidth=\skip101
\nprt@blockwidth=\skip102
\nprt@digittoks=\toks51
\nprt@pretoks=\toks52
\nprt@posttoks=\toks53
\nprt@thisdigit=\count351
\nprt@curpos=\count352
\nprt@rndpos=\count353
\c@nprt@digitsfirstblock=\count354
\c@nprt@blockcnt=\count355
\c@nprt@cntprint=\count356
 No configuration file `numprint.cfg' found.)
(C:\Users\james\AppData\Local\Programs\MiKTeX 2.9\tex/latex/l3packages/xfp\xfp.
sty
Package: xfp 2020-10-27 L3 Floating point unit
) (C:\Users\james\AppData\Local\Programs\MiKTeX 2.9\tex/latex/fp\fp.sty
Package: fp 1995/04/02

`Fixed Point Package', Version 0.8, April 2, 1995 (C) Michael Mehlich
(C:\Users\james\AppData\Local\Programs\MiKTeX 2.9\tex/latex/fp\defpattern.sty
Package: defpattern 1994/10/12
\actioncount=\count357
)
(C:\Users\james\AppData\Local\Programs\MiKTeX 2.9\tex/latex/fp\fp-basic.sty
Package: fp-basic 1996/05/13
\FP@xs=\count358
\FP@xia=\count359
\FP@xib=\count360
\FP@xfa=\count361
\FP@xfb=\count362
\FP@rega=\count363
\FP@regb=\count364
\FP@regs=\count365
\FP@times=\count366
)
(C:\Users\james\AppData\Local\Programs\MiKTeX 2.9\tex/latex/fp\fp-addons.sty
Package: fp-addons 1995/03/15
)
(C:\Users\james\AppData\Local\Programs\MiKTeX 2.9\tex/latex/fp\fp-snap.sty
Package: fp-snap 1995/04/05
)
(C:\Users\james\AppData\Local\Programs\MiKTeX 2.9\tex/latex/fp\fp-exp.sty
Package: fp-exp 1995/04/03
)
(C:\Users\james\AppData\Local\Programs\MiKTeX 2.9\tex/latex/fp\fp-trigo.sty
Package: fp-trigo 1995/04/14
)
(C:\Users\james\AppData\Local\Programs\MiKTeX 2.9\tex/latex/fp\fp-pas.sty
Package: fp-pas 1994/08/29
)
(C:\Users\james\AppData\Local\Programs\MiKTeX 2.9\tex/latex/fp\fp-random.sty
Package: fp-random 1995/02/23
\FPseed=\count367
)
(C:\Users\james\AppData\Local\Programs\MiKTeX 2.9\tex/latex/fp\fp-eqn.sty
Package: fp-eqn 1995/04/03
)
(C:\Users\james\AppData\Local\Programs\MiKTeX 2.9\tex/latex/fp\fp-upn.sty
Package: fp-upn 1996/10/21
)
(C:\Users\james\AppData\Local\Programs\MiKTeX 2.9\tex/latex/fp\fp-eval.sty
Package: fp-eval 1995/04/03
))
\tkzRadius=\dimen335
\tkzLength=\dimen336
\tkz@radi=\dimen337
\tkz@ax=\dimen338
\tkz@ay=\dimen339
\tkz@bx=\dimen340
\tkz@by=\dimen341
\tkz@cx=\dimen342
\tkz@cy=\dimen343
\tkz@dx=\dimen344
\tkz@dy=\dimen345
\tkz@tax=\dimen346
\tkz@tay=\dimen347
\tkz@tbx=\dimen348
\tkz@tby=\dimen349
\tkz@tcx=\dimen350
\tkz@tcy=\dimen351
\tkz@tdx=\dimen352
\tkz@tdy=\dimen353
\tkz@cntmk=\count368

Local configuration file tkz-base.cfg found and used

(C:\Users\james\AppData\Local\Programs\MiKTeX 2.9\tex/latex/tkz-base\tkz-base.c
fg
2020/03/18 3.06c tkz-base.cfg
)
(C:\Users\james\AppData\Local\Programs\MiKTeX 2.9\tex/latex/tkz-base\tkz-tools-
modules.tex
2020/03/18 3.06c tkz-tools-utilities.tex
)
(C:\Users\james\AppData\Local\Programs\MiKTeX 2.9\tex/latex/tkz-base\tkz-lib-ma
rks.tex
2020/03/18 3.06c tkz-lib-symbols.tex
)
(C:\Users\james\AppData\Local\Programs\MiKTeX 2.9\tex/latex/tkz-base\tkz-tools-
base.tex
2020/03/18 3.06c tkz-tools-base.tex
)
(C:\Users\james\AppData\Local\Programs\MiKTeX 2.9\tex/latex/tkz-base\tkz-tools-
utilities.tex
2020/03/18 3.06c tkz-tools-utilities.tex
)
(C:\Users\james\AppData\Local\Programs\MiKTeX 2.9\tex/latex/tkz-euclide\tkz-too
ls-math.tex
2020/03/18 3.06c tkz-tools-math.tex
)
(C:\Users\james\AppData\Local\Programs\MiKTeX 2.9\tex/latex/tkz-base\tkz-tools-
text.tex
2020/03/18 3.06c tkz-tools-text.tex
)
(C:\Users\james\AppData\Local\Programs\MiKTeX 2.9\tex/latex/tkz-base\tkz-tools-
BB.tex
2020/03/18 3.06c tkz-obj-BB.tex
)
(C:\Users\james\AppData\Local\Programs\MiKTeX 2.9\tex/latex/tkz-base\tkz-tools-
arith.tex
2020/03/18 3.06c tkz-tools-arith.tex
File: tkz-tool-arith.tex tkz-tool-arith 3.02 c
)
(C:\Users\james\AppData\Local\Programs\MiKTeX 2.9\tex/latex/tkz-base\tkz-tools-
print.tex
2020/03/18 3.06c tkz-tools-print.tex
)
(C:\Users\james\AppData\Local\Programs\MiKTeX 2.9\tex/latex/tkz-base\tkz-tools-
misc.tex
2020/03/18 3.06c tkz-tools-misc.tex
)
(C:\Users\james\AppData\Local\Programs\MiKTeX 2.9\tex/latex/tkz-base\tkz-obj-ax
es.tex
2020/03/18 3.06c tkz-obj-axes.tex
)
(C:\Users\james\AppData\Local\Programs\MiKTeX 2.9\tex/latex/tkz-base\tkz-obj-gr
ids.tex
2020/03/18 3.06c tkz-obj-grids.tex
)
(C:\Users\james\AppData\Local\Programs\MiKTeX 2.9\tex/latex/tkz-base\tkz-obj-ma
rks.tex
2020/03/18 3.07c tkz-obj-marks.tex
)
(C:\Users\james\AppData\Local\Programs\MiKTeX 2.9\tex/latex/tkz-base\tkz-obj-po
ints.tex
2020/03/18 3.06c tkz-obj-points.tex
)
(C:\Users\james\AppData\Local\Programs\MiKTeX 2.9\tex/latex/tkz-base\tkz-obj-re
p.tex
2020/03/18 3.06c tkz-obj-rep.tex
))
(C:\Users\james\AppData\Local\Programs\MiKTeX 2.9\tex/latex/tkz-euclide\tkz-too
ls-intersections.tex
2020/03/18 3.06c tkz-tools-intersections.tex
)
(C:\Users\james\AppData\Local\Programs\MiKTeX 2.9\tex/latex/tkz-euclide\tkz-too
ls-angles.tex
2020/03/18 3.06c tkz-tools-angles.tex
)
(C:\Users\james\AppData\Local\Programs\MiKTeX 2.9\tex/latex/tkz-euclide\tkz-obj
-eu-angles.tex
2020/03/18 3.06c tkz-tool-eu-angles.tex
\tkz@arcsize=\dimen354
\tkz@fillsize=\dimen355
)
(C:\Users\james\AppData\Local\Programs\MiKTeX 2.9\tex/latex/tkz-euclide\tkz-obj
-eu-arcs.tex
2020/03/23 3.06c tkz-obj-eu-arcs.tex
)
(C:\Users\james\AppData\Local\Programs\MiKTeX 2.9\tex/latex/tkz-euclide\tkz-obj
-eu-compass.tex
2020/03/18 3.06c tkz-obj-eu-compass.tex
)
(C:\Users\james\AppData\Local\Programs\MiKTeX 2.9\tex/latex/tkz-euclide\tkz-obj
-eu-circles.tex
2020/03/18 3.06c tkz-obj-eu-circles.tex
)
(C:\Users\james\AppData\Local\Programs\MiKTeX 2.9\tex/latex/tkz-euclide\tkz-obj
-eu-draw-circles.tex
2020/03/18 3.06c tkz-obj-eu-draw-circles.tex
)
(C:\Users\james\AppData\Local\Programs\MiKTeX 2.9\tex/latex/tkz-euclide\tkz-obj
-eu-draw-lines.tex
2020/03/18 3.06c tkz-obj-eu-draw-lines.tex
)
(C:\Users\james\AppData\Local\Programs\MiKTeX 2.9\tex/latex/tkz-euclide\tkz-obj
-eu-draw-polygons.tex
2020/03/18 3.06c tkz-obj-eu-polygons.tex
)
(C:\Users\james\AppData\Local\Programs\MiKTeX 2.9\tex/latex/tkz-euclide\tkz-obj
-eu-draw-triangles.tex)
(C:\Users\james\AppData\Local\Programs\MiKTeX 2.9\tex/latex/tkz-euclide\tkz-obj
-eu-lines.tex
2020/03/18 3.06c tkz-obj-eu-lines.tex
)
(C:\Users\james\AppData\Local\Programs\MiKTeX 2.9\tex/latex/tkz-euclide\tkz-obj
-eu-points.tex
2020/03/18 3.06c tkz-obj-eu-points.tex
)
(C:\Users\james\AppData\Local\Programs\MiKTeX 2.9\tex/latex/tkz-euclide\tkz-obj
-eu-points-by.tex
2020/03/18 3.06c tkz-tools-eu-points-by.tex
)
(C:\Users\james\AppData\Local\Programs\MiKTeX 2.9\tex/latex/tkz-euclide\tkz-obj
-eu-points-rnd.tex
2020/03/18 3.06c tkz-obj-eu-points-rnd.tex
)
(C:\Users\james\AppData\Local\Programs\MiKTeX 2.9\tex/latex/tkz-euclide\tkz-obj
-eu-points-with.tex
2020/03/18 3.06c tkz-obj-eu-points-with.tex
)
(C:\Users\james\AppData\Local\Programs\MiKTeX 2.9\tex/latex/tkz-euclide\tkz-obj
-eu-polygons.tex
2020/03/18 3.06c tkz-obj-eu-polygons.tex
)
(C:\Users\james\AppData\Local\Programs\MiKTeX 2.9\tex/latex/tkz-euclide\tkz-obj
-eu-protractor.tex
2020/03/18 3.06c tkz-obj-eu-protractor.tex
)
(C:\Users\james\AppData\Local\Programs\MiKTeX 2.9\tex/latex/tkz-euclide\tkz-obj
-eu-sectors.tex
2020/03/18 3.06c tkz-obj-eu-sectors.tex
)
(C:\Users\james\AppData\Local\Programs\MiKTeX 2.9\tex/latex/tkz-euclide\tkz-obj
-eu-show.tex
2020/03/18 3.06c tkz-obj-eu-show.tex
)
(C:\Users\james\AppData\Local\Programs\MiKTeX 2.9\tex/latex/tkz-euclide\tkz-obj
-eu-triangles.tex
2020/03/18 3.06c tkz-obj-eu-triangles.tex
)) (C:\Users\james\AppData\Local\Programs\MiKTeX 2.9\tex/latex/ulem\ulem.sty
\UL@box=\box89
\UL@hyphenbox=\box90
\UL@skip=\skip103
\UL@hook=\toks54
\UL@height=\dimen356
\UL@pe=\count369
\UL@pixel=\dimen357
\ULC@box=\box91
Package: ulem 2019/11/18
\ULdepth=\dimen358
)
(C:\Users\james\AppData\Local\Programs\MiKTeX 2.9\tex/generic/xypic\xy.sty
(C:\Users\james\AppData\Local\Programs\MiKTeX 2.9\tex/generic/xypic\xy.tex
Bootstrap'ing: catcodes, docmode,
(C:\Users\james\AppData\Local\Programs\MiKTeX 2.9\tex/generic/xypic\xyrecat.tex
)
(C:\Users\james\AppData\Local\Programs\MiKTeX 2.9\tex/generic/xypic\xyidioms.te
x)

 Xy-pic version 3.8.9 <2013/10/06>
 Copyright (c) 1991-2013 by Kristoffer H. Rose <krisrose@tug.org> and others
 Xy-pic is free software: see the User's Guide for details.

Loading kernel: messages; fonts; allocations: state,
\X@c=\dimen359
\Y@c=\dimen360
\U@c=\dimen361
\D@c=\dimen362
\L@c=\dimen363
\R@c=\dimen364
\Edge@c=\toks55
\X@p=\dimen365
\Y@p=\dimen366
\U@p=\dimen367
\D@p=\dimen368
\L@p=\dimen369
\R@p=\dimen370
\Edge@p=\toks56
\X@origin=\dimen371
\Y@origin=\dimen372
\X@xbase=\dimen373
\Y@xbase=\dimen374
\X@ybase=\dimen375
\Y@ybase=\dimen376
\X@min=\dimen377
\Y@min=\dimen378
\X@max=\dimen379
\Y@max=\dimen380
\lastobjectbox@=\box92
\zerodotbox@=\box93
\almostz@=\dimen381
 direction,
\d@X=\dimen382
\d@Y=\dimen383
\K@=\count370
\KK@=\count371
\Direction=\count372
\K@dXdY=\dimen384
\K@dYdX=\dimen385
\xyread@=\read4
\xywrite@=\write6
\csp@=\count373
\quotPTK@=\dimen386

utility macros; pictures: \xy, positions,
\swaptoks@@=\toks57
\connectobjectbox@@=\box94
 objects,
\styletoks@=\toks58
 decorations;
kernel objects: directionals, circles, text; options; algorithms: directions,
edges, connections;  Xy-pic loaded)
(C:\Users\james\AppData\Local\Programs\MiKTeX 2.9\tex/generic/iftex\ifpdf.sty
Package: ifpdf 2019/10/25 v3.4 ifpdf legacy package. Use iftex instead.
)
Package: xy 2013/10/06 Xy-pic version 3.8.9

(C:\Users\james\AppData\Local\Programs\MiKTeX 2.9\tex/generic/xypic\xyall.tex
 Xy-pic option: All features v.3.8
(C:\Users\james\AppData\Local\Programs\MiKTeX 2.9\tex/generic/xypic\xycurve.tex
 Xy-pic option: Curve and Spline extension v.3.12 curve,
\crv@cnt@=\count374
\crvpts@=\toks59
\splinebox@=\box95
\splineval@=\dimen387
\splinedepth@=\dimen388
\splinetol@=\dimen389
\splinelength@=\dimen390
 circles,
\L@=\dimen391
 loaded)
(C:\Users\james\AppData\Local\Programs\MiKTeX 2.9\tex/generic/xypic\xyframe.tex
 Xy-pic option: Frame and Bracket extension v.3.14 loaded)
(C:\Users\james\AppData\Local\Programs\MiKTeX 2.9\tex/generic/xypic\xycmtip.tex
 Xy-pic option: Computer Modern tip extension v.3.7
(C:\Users\james\AppData\Local\Programs\MiKTeX 2.9\tex/generic/xypic\xytips.tex
 Xy-pic option: More Tips extension v.3.11 loaded) loaded)
(C:\Users\james\AppData\Local\Programs\MiKTeX 2.9\tex/generic/xypic\xyline.tex
 Xy-pic option: Line styles extension v.3.10
\xylinethick@=\dimen392
 loaded)
(C:\Users\james\AppData\Local\Programs\MiKTeX 2.9\tex/generic/xypic\xyrotate.te
x  Xy-pic option: Rotate and Scale extension v.3.8 loaded)
(C:\Users\james\AppData\Local\Programs\MiKTeX 2.9\tex/generic/xypic\xycolor.tex
 Xy-pic option: Colour extension v.3.11 loaded)
(C:\Users\james\AppData\Local\Programs\MiKTeX 2.9\tex/generic/xypic\xymatrix.te
x  Xy-pic option: Matrix feature v.3.14
\Row=\count375
\Col=\count376
\queue@=\toks60
\queue@@=\toks61
\qcount@=\count377
\qcount@@=\count378
\matrixsize@=\count379
 loaded)
(C:\Users\james\AppData\Local\Programs\MiKTeX 2.9\tex/generic/xypic\xyarrow.tex
 Xy-pic option: Arrow and Path feature v.3.9 path, \ar, loaded)
(C:\Users\james\AppData\Local\Programs\MiKTeX 2.9\tex/generic/xypic\xygraph.tex
 Xy-pic option: Graph feature v.3.11 loaded) loaded)
(C:\Users\james\AppData\Local\Programs\MiKTeX 2.9\tex/generic/xypic\xypdf.tex
 Xy-pic option: PDF driver v.1.7 Xy-pic pdf driver: `color' extension support
(C:\Users\james\AppData\Local\Programs\MiKTeX 2.9\tex/generic/xypic\xypdf-co.te
x loaded) Xy-pic pdf driver: `curve' extension support
(C:\Users\james\AppData\Local\Programs\MiKTeX 2.9\tex/generic/xypic\xypdf-cu.te
x loaded) Xy-pic pdf driver: `frame' extension support
(C:\Users\james\AppData\Local\Programs\MiKTeX 2.9\tex/generic/xypic\xypdf-fr.te
x loaded) Xy-pic pdf driver: `line' extension support
(C:\Users\james\AppData\Local\Programs\MiKTeX 2.9\tex/generic/xypic\xypdf-li.te
x loaded) Xy-pic pdf driver: `rotate' extension support
(C:\Users\james\AppData\Local\Programs\MiKTeX 2.9\tex/generic/xypic\xypdf-ro.te
x loaded) loaded))
(C:\Users\james\AppData\Local\Programs\MiKTeX 2.9\tex/latex/imakeidx\imakeidx.s
ty
Package: imakeidx 2016/10/15 v1.3e Package for typesetting indices in a synchro
nous mode

(C:\Users\james\AppData\Local\Programs\MiKTeX 2.9\tex/latex/xkeyval\xkeyval.sty
Package: xkeyval 2020/11/20 v2.8 package option processing (HA)

(C:\Users\james\AppData\Local\Programs\MiKTeX 2.9\tex/generic/xkeyval\xkeyval.t
ex
(C:\Users\james\AppData\Local\Programs\MiKTeX 2.9\tex/generic/xkeyval\xkvutils.
tex
\XKV@toks=\toks62
\XKV@tempa@toks=\toks63
)
\XKV@depth=\count380
File: xkeyval.tex 2014/12/03 v2.7a key=value parser (HA)
))
(C:\Users\james\AppData\Local\Programs\MiKTeX 2.9\tex/generic/iftex\ifxetex.sty
Package: ifxetex 2019/10/25 v0.7 ifxetex legacy package. Use iftex instead.
)
(C:\Users\james\AppData\Local\Programs\MiKTeX 2.9\tex/generic/iftex\ifluatex.st
y
Package: ifluatex 2019/10/25 v1.5 ifluatex legacy package. Use iftex instead.
)
(C:\Users\james\AppData\Local\Programs\MiKTeX 2.9\tex/latex/latex-tools\multico
l.sty
Package: multicol 2019/12/09 v1.8y multicolumn formatting (FMi)
\c@tracingmulticols=\count381
\mult@box=\box96
\multicol@leftmargin=\dimen393
\c@unbalance=\count382
\c@collectmore=\count383
\doublecol@number=\count384
\multicoltolerance=\count385
\multicolpretolerance=\count386
\full@width=\dimen394
\page@free=\dimen395
\premulticols=\dimen396
\postmulticols=\dimen397
\multicolsep=\skip104
\multicolbaselineskip=\skip105
\partial@page=\box97
\last@line=\box98
\maxbalancingoverflow=\dimen398
\mult@rightbox=\box99
\mult@grightbox=\box100
\mult@gfirstbox=\box101
\mult@firstbox=\box102
\@tempa=\box103
\@tempa=\box104
\@tempa=\box105
\@tempa=\box106
\@tempa=\box107
\@tempa=\box108
\@tempa=\box109
\@tempa=\box110
\@tempa=\box111
\@tempa=\box112
\@tempa=\box113
\@tempa=\box114
\@tempa=\box115
\@tempa=\box116
\@tempa=\box117
\@tempa=\box118
\@tempa=\box119
\@tempa=\box120
\@tempa=\box121
\@tempa=\box122
\@tempa=\box123
\@tempa=\box124
\@tempa=\box125
\@tempa=\box126
\@tempa=\box127
\@tempa=\box128
\@tempa=\box129
\@tempa=\box130
\@tempa=\box131
\@tempa=\box132
\@tempa=\box133
\@tempa=\box134
\@tempa=\box135
\@tempa=\box136
\@tempa=\box137
\@tempa=\box138
\@tempa=\box139
\c@minrows=\count387
\c@columnbadness=\count388
\c@finalcolumnbadness=\count389
\last@try=\dimen399
\multicolovershoot=\dimen400
\multicolundershoot=\dimen401
\mult@nat@firstbox=\box140
\colbreak@box=\box141
\mc@col@check@num=\count390
))
(C:\Users\james\AppData\Local\Programs\MiKTeX 2.9\tex/latex/wrapfig\wrapfig.sty
\wrapoverhang=\dimen402
\WF@size=\dimen403
\c@WF@wrappedlines=\count391
\WF@box=\box142
\WF@everypar=\toks64
Package: wrapfig 2003/01/31  v 3.6
)
\notes@idxfile=\write7
\openout7 = `notes.idx'.


Writing index file notes.idx

(C:\Users\james\AppData\Local\Programs\MiKTeX 2.9\tex/latex/hyperref\hyperref.s
ty
Package: hyperref 2021-02-10 v7.00j Hypertext links for LaTeX

(C:\Users\james\AppData\Local\Programs\MiKTeX 2.9\tex/generic/ltxcmds\ltxcmds.s
ty
Package: ltxcmds 2020-05-10 v1.25 LaTeX kernel commands for general use (HO)
)
(C:\Users\james\AppData\Local\Programs\MiKTeX 2.9\tex/generic/pdftexcmds\pdftex
cmds.sty
Package: pdftexcmds 2020-06-27 v0.33 Utility functions of pdfTeX for LuaTeX (HO
)

(C:\Users\james\AppData\Local\Programs\MiKTeX 2.9\tex/generic/infwarerr\infware
rr.sty
Package: infwarerr 2019/12/03 v1.5 Providing info/warning/error messages (HO)
)
Package pdftexcmds Info: \pdf@primitive is available.
Package pdftexcmds Info: \pdf@ifprimitive is available.
Package pdftexcmds Info: \pdfdraftmode found.
)
(C:\Users\james\AppData\Local\Programs\MiKTeX 2.9\tex/generic/kvsetkeys\kvsetke
ys.sty
Package: kvsetkeys 2019/12/15 v1.18 Key value parser (HO)
)
(C:\Users\james\AppData\Local\Programs\MiKTeX 2.9\tex/generic/kvdefinekeys\kvde
finekeys.sty
Package: kvdefinekeys 2019-12-19 v1.6 Define keys (HO)
)
(C:\Users\james\AppData\Local\Programs\MiKTeX 2.9\tex/generic/pdfescape\pdfesca
pe.sty
Package: pdfescape 2019/12/09 v1.15 Implements pdfTeX's escape features (HO)
)
(C:\Users\james\AppData\Local\Programs\MiKTeX 2.9\tex/latex/hycolor\hycolor.sty
Package: hycolor 2020-01-27 v1.10 Color options for hyperref/bookmark (HO)
)
(C:\Users\james\AppData\Local\Programs\MiKTeX 2.9\tex/latex/letltxmacro\letltxm
acro.sty
Package: letltxmacro 2019/12/03 v1.6 Let assignment for LaTeX macros (HO)
)
(C:\Users\james\AppData\Local\Programs\MiKTeX 2.9\tex/latex/auxhook\auxhook.sty
Package: auxhook 2019-12-17 v1.6 Hooks for auxiliary files (HO)
)
(C:\Users\james\AppData\Local\Programs\MiKTeX 2.9\tex/latex/kvoptions\kvoptions
.sty
Package: kvoptions 2020-10-07 v3.14 Key value format for package options (HO)
)
\@linkdim=\dimen404
\Hy@linkcounter=\count392
\Hy@pagecounter=\count393

(C:\Users\james\AppData\Local\Programs\MiKTeX 2.9\tex/latex/hyperref\pd1enc.def
File: pd1enc.def 2021-02-10 v7.00j Hyperref: PDFDocEncoding definition (HO)
Now handling font encoding PD1 ...
... no UTF-8 mapping file for font encoding PD1
)
(C:\Users\james\AppData\Local\Programs\MiKTeX 2.9\tex/latex/hyperref\hyperref-l
angpatches.def
File: hyperref-langpatches.def 2021-02-10 v7.00j Hyperref: patches for babel la
nguages
)
(C:\Users\james\AppData\Local\Programs\MiKTeX 2.9\tex/generic/intcalc\intcalc.s
ty
Package: intcalc 2019/12/15 v1.3 Expandable calculations with integers (HO)
)
(C:\Users\james\AppData\Local\Programs\MiKTeX 2.9\tex/generic/etexcmds\etexcmds
.sty
Package: etexcmds 2019/12/15 v1.7 Avoid name clashes with e-TeX commands (HO)
)
\Hy@SavedSpaceFactor=\count394

(C:\Users\james\AppData\Local\Programs\MiKTeX 2.9\tex/latex/hyperref\puenc.def
File: puenc.def 2021-02-10 v7.00j Hyperref: PDF Unicode definition (HO)
Now handling font encoding PU ...
... no UTF-8 mapping file for font encoding PU
)
Package hyperref Info: Hyper figures OFF on input line 4192.
Package hyperref Info: Link nesting OFF on input line 4197.
Package hyperref Info: Hyper index ON on input line 4200.
Package hyperref Info: Plain pages OFF on input line 4207.
Package hyperref Info: Backreferencing OFF on input line 4212.
Package hyperref Info: Implicit mode ON; LaTeX internals redefined.
Package hyperref Info: Bookmarks ON on input line 4445.
\c@Hy@tempcnt=\count395
(C:\Users\james\AppData\Local\Programs\MiKTeX 2.9\tex/latex/url\url.sty
\Urlmuskip=\muskip20
Package: url 2013/09/16  ver 3.4  Verb mode for urls, etc.
)
LaTeX Info: Redefining \url on input line 4804.
\XeTeXLinkMargin=\dimen405

(C:\Users\james\AppData\Local\Programs\MiKTeX 2.9\tex/generic/bitset\bitset.sty
Package: bitset 2019/12/09 v1.3 Handle bit-vector datatype (HO)

(C:\Users\james\AppData\Local\Programs\MiKTeX 2.9\tex/generic/bigintcalc\bigint
calc.sty
Package: bigintcalc 2019/12/15 v1.5 Expandable calculations on big integers (HO
)
))
\Fld@menulength=\count396
\Field@Width=\dimen406
\Fld@charsize=\dimen407
Package hyperref Info: Hyper figures OFF on input line 6075.
Package hyperref Info: Link nesting OFF on input line 6080.
Package hyperref Info: Hyper index ON on input line 6083.
Package hyperref Info: backreferencing OFF on input line 6090.
Package hyperref Info: Link coloring OFF on input line 6095.
Package hyperref Info: Link coloring with OCG OFF on input line 6100.
Package hyperref Info: PDF/A mode OFF on input line 6105.
LaTeX Info: Redefining \ref on input line 6145.
LaTeX Info: Redefining \pageref on input line 6149.

(C:\Users\james\AppData\Local\Programs\MiKTeX 2.9\tex/latex/base\atbegshi-ltx.s
ty
Package: atbegshi-ltx 2020/08/17 v1.0a Emulation of the original atbegshi packa
ge
with kernel methods
)
\Hy@abspage=\count397
\c@Item=\count398
\c@Hfootnote=\count399
)
Package hyperref Info: Driver: hpdftex.

(C:\Users\james\AppData\Local\Programs\MiKTeX 2.9\tex/latex/hyperref\hpdftex.de
f
File: hpdftex.def 2021-02-10 v7.00j Hyperref driver for pdfTeX

(C:\Users\james\AppData\Local\Programs\MiKTeX 2.9\tex/latex/base\atveryend-ltx.
sty
Package: atveryend-ltx 2020/08/19 v1.0a Emulation of the original atvery packag
e
with kernel methods
)
\Fld@listcount=\count400
\c@bookmark@seq@number=\count401

(C:\Users\james\AppData\Local\Programs\MiKTeX 2.9\tex/latex/rerunfilecheck\reru
nfilecheck.sty
Package: rerunfilecheck 2019/12/05 v1.9 Rerun checks for auxiliary files (HO)

(C:\Users\james\AppData\Local\Programs\MiKTeX 2.9\tex/generic/uniquecounter\uni
quecounter.sty
Package: uniquecounter 2019/12/15 v1.4 Provide unlimited unique counter (HO)
)
Package uniquecounter Info: New unique counter `rerunfilecheck' on input line 2
86.
)
\Hy@SectionHShift=\skip106
)
(C:\Users\james\AppData\Local\Programs\MiKTeX 2.9\tex/generic/pgf/frontendlayer
/tikz/libraries\tikzlibrarydecorations.fractals.code.tex
(C:\Users\james\AppData\Local\Programs\MiKTeX 2.9\tex/generic/pgf/libraries/dec
orations\pgflibrarydecorations.fractals.code.tex))
Package hyperref Info: Option `colorlinks' set `true' on input line 174.
Package hyperref Info: Option `breaklinks' set `true' on input line 174.
\c@nthm=\count402
) (notes.aux)
\openout1 = `notes.aux'.

LaTeX Font Info:    Checking defaults for OML/cmm/m/it on input line 10.
LaTeX Font Info:    ... okay on input line 10.
LaTeX Font Info:    Checking defaults for OMS/cmsy/m/n on input line 10.
LaTeX Font Info:    ... okay on input line 10.
LaTeX Font Info:    Checking defaults for OT1/cmr/m/n on input line 10.
LaTeX Font Info:    ... okay on input line 10.
LaTeX Font Info:    Checking defaults for T1/cmr/m/n on input line 10.
LaTeX Font Info:    ... okay on input line 10.
LaTeX Font Info:    Checking defaults for TS1/cmr/m/n on input line 10.
LaTeX Font Info:    ... okay on input line 10.
LaTeX Font Info:    Checking defaults for OMX/cmex/m/n on input line 10.
LaTeX Font Info:    ... okay on input line 10.
LaTeX Font Info:    Checking defaults for U/cmr/m/n on input line 10.
LaTeX Font Info:    ... okay on input line 10.
LaTeX Font Info:    Checking defaults for PD1/pdf/m/n on input line 10.
LaTeX Font Info:    ... okay on input line 10.
LaTeX Font Info:    Checking defaults for PU/pdf/m/n on input line 10.
LaTeX Font Info:    ... okay on input line 10.
Package caption Info: Begin \AtBeginDocument code.
Package caption Info: hyperref package is loaded.
Package caption Info: listings package is loaded.
Package caption Info: wrapfig package is loaded.
Package caption Info: End \AtBeginDocument code.

(C:\Users\james\AppData\Local\Programs\MiKTeX 2.9\tex/context/base/mkii\supp-pd
f.mkii
[Loading MPS to PDF converter (version 2006.09.02).]
\scratchcounter=\count403
\scratchdimen=\dimen408
\scratchbox=\box143
\nofMPsegments=\count404
\nofMParguments=\count405
\everyMPshowfont=\toks65
\MPscratchCnt=\count406
\MPscratchDim=\dimen409
\MPnumerator=\count407
\makeMPintoPDFobject=\count408
\everyMPtoPDFconversion=\toks66
)
(C:\Users\james\AppData\Local\Programs\MiKTeX 2.9\tex/latex/epstopdf-pkg\epstop
df-base.sty
Package: epstopdf-base 2020-01-24 v2.11 Base part for package epstopdf
Package epstopdf-base Info: Redefining graphics rule for `.eps' on input line 4
85.
)
LaTeX Info: Redefining \microtypecontext on input line 10.
Package microtype Info: Generating PDF output.
Package microtype Info: Character protrusion enabled (level 2).
Package microtype Info: Using default protrusion set `alltext'.
Package microtype Info: Automatic font expansion enabled (level 2),
(microtype)             stretch: 20, shrink: 20, step: 1, non-selected.
Package microtype Info: Using default expansion set `alltext-nott'.
LaTeX Info: Redefining \showhyphens on input line 10.
Package microtype Info: No adjustment of tracking.
Package microtype Info: No adjustment of interword spacing.
Package microtype Info: No adjustment of character kerning.

(C:\Users\james\AppData\Local\Programs\MiKTeX 2.9\tex/latex/microtype\mt-cmr.cf
g
File: mt-cmr.cfg 2013/05/19 v2.2 microtype config. file: Computer Modern Roman 
(RS)
)

Package chemgreek Info: Activating mapping `default' on line 10.

\c@lstlisting=\count409

Package pgfplots notification 'compat/show suggested version=true': you might b
enefit from \pgfplotsset{compat=1.17} (current compat level: 1.12).


(C:\Users\james\AppData\Local\Programs\MiKTeX 2.9\tex/latex/siunitx\siunitx-abb
reviations.cfg
File: siunitx-abbreviations.cfg 2017/11/26 v2.7k siunitx: Abbreviated units
)
(C:\Users\james\AppData\Local\Programs\MiKTeX 2.9\tex/latex/translator\translat
or-basic-dictionary-English.dict
Dictionary: translator-basic-dictionary, Language: English 
)
LaTeX Font Info:    Trying to load font information for U+msa on input line 10.


(C:\Users\james\AppData\Local\Programs\MiKTeX 2.9\tex/latex/amsfonts\umsa.fd
File: umsa.fd 2013/01/14 v3.01 AMS symbols A
)
(C:\Users\james\AppData\Local\Programs\MiKTeX 2.9\tex/latex/microtype\mt-msa.cf
g
File: mt-msa.cfg 2006/02/04 v1.1 microtype config. file: AMS symbols (a) (RS)
)
LaTeX Font Info:    Trying to load font information for U+msb on input line 10.

 (C:\Users\james\AppData\Local\Programs\MiKTeX 2.9\tex/latex/amsfonts\umsb.fd
File: umsb.fd 2013/01/14 v3.01 AMS symbols B
)
(C:\Users\james\AppData\Local\Programs\MiKTeX 2.9\tex/latex/microtype\mt-msb.cf
g
File: mt-msb.cfg 2005/06/01 v1.0 microtype config. file: AMS symbols (b) (RS)
)
Package xypdf Info: Line width: 0.39998pt on input line 10.
Package hyperref Info: Link coloring ON on input line 10.

(C:\Users\james\AppData\Local\Programs\MiKTeX 2.9\tex/latex/hyperref\nameref.st
y
Package: nameref 2021-04-02 v2.47 Cross-referencing by name of section

(C:\Users\james\AppData\Local\Programs\MiKTeX 2.9\tex/latex/refcount\refcount.s
ty
Package: refcount 2019/12/15 v3.6 Data extraction from label references (HO)
)
(C:\Users\james\AppData\Local\Programs\MiKTeX 2.9\tex/generic/gettitlestring\ge
ttitlestring.sty
Package: gettitlestring 2019/12/15 v1.6 Cleanup title references (HO)
)
\c@section@level=\count410
)
LaTeX Info: Redefining \ref on input line 10.
LaTeX Info: Redefining \pageref on input line 10.
LaTeX Info: Redefining \nameref on input line 10.
 (notes.out) (notes.out)
\@outlinefile=\write8
\openout8 = `notes.out'.

Package microtype Info: Loading generic protrusion settings for font family
(microtype)             `cmss' (encoding: OT1).
(microtype)             For optimal results, create family-specific settings.
(microtype)             See the microtype manual for details.
Package microtype Info: Loading generic protrusion settings for font family
(microtype)             `cmtt' (encoding: OT1).
(microtype)             For optimal results, create family-specific settings.
(microtype)             See the microtype manual for details.
 (notes.toc)
\tf@toc=\write9
\openout9 = `notes.toc'.

 (Chapters/1.tex [1

{C:/Users/james/AppData/Local/MiKTeX/2.9/pdftex/config/pdftex.map}]
Underfull \hbox (badness 10000) in paragraph at lines 30--31

 []


Underfull \hbox (badness 10000) in paragraph at lines 42--44

 []

[2]
Underfull \hbox (badness 10000) in paragraph at lines 81--83

 []

[3]) [4] (notes.aux)
Package rerunfilecheck Info: File `notes.out' has not changed.
(rerunfilecheck)             Checksum: CE98D15CF974CC9315AE920D312E5BAD;1179.
 ) 
Here is how much of TeX's memory you used:
 49493 strings out of 479300
 1119129 string characters out of 2853552
 1605908 words of memory out of 3000000
 65839 multiletter control sequences out of 15000+200000
 419743 words of font info for 133 fonts, out of 3000000 for 9000
 1141 hyphenation exceptions out of 8191
 107i,12n,114p,3345b,844s stack positions out of 5000i,500n,10000p,200000b,50000s
 <C:\Users\james\AppData\Local\MiKTeX\2.9\fonts/pk/ljfour/jknappen/ec/dpi600\
tcrm1000.pk><C:/Users/james/AppData/Local/Programs/MiKTeX 2.9/fonts/type1/publi
c/amsfonts/cm/cmbx10.pfb><C:/Users/james/AppData/Local/Programs/MiKTeX 2.9/font
s/type1/public/amsfonts/cm/cmbx12.pfb><C:/Users/james/AppData/Local/Programs/Mi
KTeX 2.9/fonts/type1/public/amsfonts/cm/cmbx8.pfb><C:/Users/james/AppData/Local
/Programs/MiKTeX 2.9/fonts/type1/public/amsfonts/cm/cmex10.pfb><C:/Users/james/
AppData/Local/Programs/MiKTeX 2.9/fonts/type1/public/amsfonts/cm/cmmi10.pfb><C:
/Users/james/AppData/Local/Programs/MiKTeX 2.9/fonts/type1/public/amsfonts/cm/c
mmi7.pfb><C:/Users/james/AppData/Local/Programs/MiKTeX 2.9/fonts/type1/public/a
msfonts/cm/cmr10.pfb><C:/Users/james/AppData/Local/Programs/MiKTeX 2.9/fonts/ty
pe1/public/amsfonts/cm/cmr12.pfb><C:/Users/james/AppData/Local/Programs/MiKTeX 
2.9/fonts/type1/public/amsfonts/cm/cmr17.pfb><C:/Users/james/AppData/Local/Prog
rams/MiKTeX 2.9/fonts/type1/public/amsfonts/cm/cmr7.pfb><C:/Users/james/AppData
/Local/Programs/MiKTeX 2.9/fonts/type1/public/amsfonts/cm/cmr8.pfb><C:/Users/ja
mes/AppData/Local/Programs/MiKTeX 2.9/fonts/type1/public/amsfonts/cm/cmr9.pfb><
C:/Users/james/AppData/Local/Programs/MiKTeX 2.9/fonts/type1/public/amsfonts/cm
/cmsy10.pfb><C:/Users/james/AppData/Local/Programs/MiKTeX 2.9/fonts/type1/publi
c/amsfonts/cm/cmsy7.pfb><C:/Users/james/AppData/Local/Programs/MiKTeX 2.9/fonts
/type1/public/amsfonts/cm/cmti10.pfb><C:/Users/james/AppData/Local/Programs/MiK
TeX 2.9/fonts/type1/public/amsfonts/cm/cmtt10.pfb><C:/Users/james/AppData/Local
/Programs/MiKTeX 2.9/fonts/type1/public/amsfonts/symbols/msbm10.pfb>
Output written on notes.pdf (4 pages, 215043 bytes).
PDF statistics:
 163 PDF objects out of 1000 (max. 8388607)
 13 named destinations out of 1000 (max. 500000)
 46245 words of extra memory for PDF output out of 51595 (max. 10000000)

